////////////////////////////////////////////////////////////////////////////////
///////////////////InstallShield Media Library Report Summary///////////////////
////////////////////////////////////////////////////////////////////////////////

Media Name      : New Media
Report Filename : C:\Documents and Settings\Sean Sullivan\My Documents\WinBlit\Installation\WinBlit Productivity Tool\Media\New Media\Report Files\2-02-2002 12.28.41PM.rpt
Date            : 02/02/2002
Time            : 12:28PM

Number of Components:                3 
Number of File Groups:               7 
Number of Files:                     7 
Total Size of Files:         1,267,013 (bytes)

==========
COMPONENTS
==========


     TargetDir
     ExchangeExtension
     SelfRegDlls


////////////////////////////////////////////////////////////////////////////////
/////////////////////////////////Report Details/////////////////////////////////
////////////////////////////////////////////////////////////////////////////////


================================================================================
                             COMPONENT: "TargetDir"
================================================================================

SUMMARY:
    Total Files:                4 (files for this component only)
    Source Bytes:         206,028 (files for this component only)


                       **** File Group: "Help Files" ****


<Directory>: C:\Documents and Settings\Sean Sullivan\My Documents\WinBlit\Help Files\HTMLhelp

    Filename                    Date        Time      Size         Version      
    --------------------------  ----------  --------  -----------  -------------
    WinBlit.chm                 12/13/2001  13:37:04       23,612               
    --------------------------  ----------  --------  -----------  -------------
    Count=1                                                23,612               


                        **** File Group: "BlitPad" ****


<Directory>: C:\Documents and Settings\Sean Sullivan\My Documents\WinBlit\WinBlitPad\Export\Run

    Filename                    Date        Time      Size         Version      
    --------------------------  ----------  --------  -----------  -------------
    BlitPad.exe                 02/01/2002  17:59:41      135,168  1.0.0.1      
    --------------------------  ----------  --------  -----------  -------------
    Count=1                                               135,168               


                          **** File Group: "Reg" ****


<Directory>: C:\Documents and Settings\Sean Sullivan\My Documents\WinBlit\Registry

    Filename                    Date        Time      Size         Version      
    --------------------------  ----------  --------  -----------  -------------
    WinBlit.reg                 12/13/2001  12:48:41       13,968               
    --------------------------  ----------  --------  -----------  -------------
    Count=1                                                13,968               


                     **** File Group: "Word Template" ****


<Directory>: C:\Documents and Settings\Sean Sullivan\My Documents\WinBlit\Office

    Filename                    Date        Time      Size         Version      
    --------------------------  ----------  --------  -----------  -------------
    WinBlitTemplate.dot         01/25/2002  19:32:23       33,280               
    --------------------------  ----------  --------  -----------  -------------
    Count=1                                                33,280               


================================================================================
                         COMPONENT: "ExchangeExtension"
================================================================================

SUMMARY:
    Total Files:                1 (files for this component only)
    Source Bytes:         320,716 (files for this component only)


                   **** File Group: "ExchangeExtension" ****


<Directory>: C:\Documents and Settings\Sean Sullivan\My Documents\WinBlit\WinBlitExchangeExtension\export\run

    Filename                    Date        Time      Size         Version      
    --------------------------  ----------  --------  -----------  -------------
    ...itExchangeExtension.dll  02/01/2002  18:09:28      114,688  1.0.0.1      
    --------------------------  ----------  --------  -----------  -------------
    Count=1                                               114,688               


================================================================================
                            COMPONENT: "SelfRegDlls"
================================================================================

SUMMARY:
    Total Files:                2 (files for this component only)
    Source Bytes:       1,267,013 (files for this component only)


                     **** File Group: "ReaderManager" ****


<Directory>: C:\Documents and Settings\Sean Sullivan\My Documents\WinBlit\WinBlitReaderManager\Export\Run

    Filename                    Date        Time      Size         Version      
    --------------------------  ----------  --------  -----------  -------------
    WinBlitReaderManager.dll    02/02/2002  12:27:30      397,312  1.0.0.1      
    --------------------------  ----------  --------  -----------  -------------
    Count=1                                               397,312               


                        **** File Group: "WebBand" ****


<Directory>: C:\Documents and Settings\Sean Sullivan\My Documents\WinBlit\WinBlitWebBand\export\run

    Filename                    Date        Time      Size         Version      
    --------------------------  ----------  --------  -----------  -------------
    WinBlitWebBand.dll          02/01/2002  21:18:58      548,985  1.0.0.1      
    --------------------------  ----------  --------  -----------  -------------
    Count=1                                               548,985               
