////////////////////////////////////////////////////////////////////////////////
///////////////////InstallShield Media Library Report Summary///////////////////
////////////////////////////////////////////////////////////////////////////////

Media Name      : New Media
Report Filename : C:\Documents and Settings\Sean Sullivan\My Documents\WinBlit\Installation\WinBlit Productivity Tool\Media\New Media\Report Files\2-08-2002 5.06.42PM.rpt
Date            : 02/08/2002
Time            : 5:06PM

Number of Components:                3 
Number of File Groups:               8 
Number of Files:                     8 
Total Size of Files:         1,451,332 (bytes)

==========
COMPONENTS
==========


     TargetDir
     ExchangeExtension
     SelfRegDlls


////////////////////////////////////////////////////////////////////////////////
/////////////////////////////////Report Details/////////////////////////////////
////////////////////////////////////////////////////////////////////////////////


================================================================================
                             COMPONENT: "TargetDir"
================================================================================

SUMMARY:
    Total Files:                4 (files for this component only)
    Source Bytes:         206,027 (files for this component only)


                       **** File Group: "Help Files" ****


<Directory>: C:\Documents and Settings\Sean Sullivan\My Documents\WinBlit\Help Files\HTMLhelp

    Filename                    Date        Time      Size         Version      
    --------------------------  ----------  --------  -----------  -------------
    WinBlit.chm                 02/07/2002  10:48:32       23,612               
    --------------------------  ----------  --------  -----------  -------------
    Count=1                                                23,612               


                        **** File Group: "BlitPad" ****


<Directory>: C:\Documents and Settings\Sean Sullivan\My Documents\WinBlit\WinBlitPad\Export\Run

    Filename                    Date        Time      Size         Version      
    --------------------------  ----------  --------  -----------  -------------
    BlitPad.exe                 02/05/2002  13:22:35      135,168  1.0.0.1      
    --------------------------  ----------  --------  -----------  -------------
    Count=1                                               135,168               


                          **** File Group: "Reg" ****


<Directory>: C:\Documents and Settings\Sean Sullivan\My Documents\WinBlit\Registry

    Filename                    Date        Time      Size         Version      
    --------------------------  ----------  --------  -----------  -------------
    WinBlit.reg                 02/07/2002  12:14:10       13,967               
    --------------------------  ----------  --------  -----------  -------------
    Count=1                                                13,967               


                     **** File Group: "Word Template" ****


<Directory>: C:\Documents and Settings\Sean Sullivan\My Documents\WinBlit\Office

    Filename                    Date        Time      Size         Version      
    --------------------------  ----------  --------  -----------  -------------
    WinBlitTemplate.dot         02/07/2002  10:48:37       33,280               
    --------------------------  ----------  --------  -----------  -------------
    Count=1                                                33,280               


================================================================================
                         COMPONENT: "ExchangeExtension"
================================================================================

SUMMARY:
    Total Files:                1 (files for this component only)
    Source Bytes:         328,907 (files for this component only)


                   **** File Group: "ExchangeExtension" ****


<Directory>: C:\Documents and Settings\Sean Sullivan\My Documents\WinBlit\WinBlitExchangeExtension\export\run

    Filename                    Date        Time      Size         Version      
    --------------------------  ----------  --------  -----------  -------------
    ...itExchangeExtension.dll  02/08/2002  17:05:40      122,880  1.0.0.1      
    --------------------------  ----------  --------  -----------  -------------
    Count=1                                               122,880               


================================================================================
                            COMPONENT: "SelfRegDlls"
================================================================================

SUMMARY:
    Total Files:                3 (files for this component only)
    Source Bytes:       1,451,332 (files for this component only)


                          **** File Group: "Log" ****


<Directory>: C:\Documents and Settings\Sean Sullivan\My Documents\WinBlit\ATLLogApp\export\run

    Filename                    Date        Time      Size         Version      
    --------------------------  ----------  --------  -----------  -------------
    ATLLogApp.dll               02/07/2002  10:53:16      233,472  1.0.0.1      
    --------------------------  ----------  --------  -----------  -------------
    Count=1                                               233,472               


                     **** File Group: "ReaderManager" ****


<Directory>: C:\Documents and Settings\Sean Sullivan\My Documents\WinBlit\WinBlitReaderManager\Export\Run

    Filename                    Date        Time      Size         Version      
    --------------------------  ----------  --------  -----------  -------------
    WinBlitReaderManager.dll    02/08/2002  12:55:24      331,776  1.0.0.1      
    --------------------------  ----------  --------  -----------  -------------
    Count=1                                               331,776               


                        **** File Group: "WebBand" ****


<Directory>: C:\Documents and Settings\Sean Sullivan\My Documents\WinBlit\WinBlitWebBand\export\run

    Filename                    Date        Time      Size         Version      
    --------------------------  ----------  --------  -----------  -------------
    WinBlitWebBand.dll          02/08/2002  16:29:45      557,177  1.0.0.1      
    --------------------------  ----------  --------  -----------  -------------
    Count=1                                               557,177               
