////////////////////////////////////////////////////////////////////////////////
///////////////////InstallShield Media Library Report Summary///////////////////
////////////////////////////////////////////////////////////////////////////////

Media Name      : New Media
Report Filename : C:\Documents and Settings\Sean Sullivan\My Documents\WINBLIT\Installation\WinBlit\Media\New Media\Report Files\2-20-2002 8.20.00PM.rpt
Date            : 02/20/2002
Time            : 8:20PM

Number of Components:                3 
Number of File Groups:               8 
Number of Files:                     8 
Total Size of Files:         1,138,111 (bytes)

==========
COMPONENTS
==========


     TargetDir
     ExchangeExtension
     SelfRegDlls


////////////////////////////////////////////////////////////////////////////////
/////////////////////////////////Report Details/////////////////////////////////
////////////////////////////////////////////////////////////////////////////////


================================================================================
                             COMPONENT: "TargetDir"
================================================================================

SUMMARY:
    Total Files:                4 (files for this component only)
    Source Bytes:         228,799 (files for this component only)


                       **** File Group: "Help Files" ****


<Directory>: C:\Documents and Settings\Sean Sullivan\My Documents\WinBlit\Help Files\HTMLhelp

    Filename                    Date        Time      Size         Version      
    --------------------------  ----------  --------  -----------  -------------
    WinBlit.chm                 02/20/2002  19:32:21       34,433               
    --------------------------  ----------  --------  -----------  -------------
    Count=1                                                34,433               


                        **** File Group: "BlitPad" ****


<Directory>: C:\Documents and Settings\Sean Sullivan\My Documents\WinBlit\WinBlitPad\Export\Run

    Filename                    Date        Time      Size         Version      
    --------------------------  ----------  --------  -----------  -------------
    BlitPad.exe                 02/20/2002  20:06:31      147,456  1.0.0.1      
    --------------------------  ----------  --------  -----------  -------------
    Count=1                                               147,456               


                          **** File Group: "Reg" ****


<Directory>: C:\Documents and Settings\Sean Sullivan\My Documents\WinBlit\Registry

    Filename                    Date        Time      Size         Version      
    --------------------------  ----------  --------  -----------  -------------
    WinBlit.reg                 02/13/2002  19:30:57       13,630               
    --------------------------  ----------  --------  -----------  -------------
    Count=1                                                13,630               


                     **** File Group: "Word Template" ****


<Directory>: C:\Documents and Settings\Sean Sullivan\My Documents\WinBlit\Office

    Filename                    Date        Time      Size         Version      
    --------------------------  ----------  --------  -----------  -------------
    WinBlitTemplate.dot         02/07/2002  10:48:37       33,280               
    --------------------------  ----------  --------  -----------  -------------
    Count=1                                                33,280               


================================================================================
                         COMPONENT: "ExchangeExtension"
================================================================================

SUMMARY:
    Total Files:                1 (files for this component only)
    Source Bytes:         351,679 (files for this component only)


                   **** File Group: "ExchangeExtension" ****


<Directory>: C:\Documents and Settings\Sean Sullivan\My Documents\WinBlit\WinBlitExchangeExtension\export\run

    Filename                    Date        Time      Size         Version      
    --------------------------  ----------  --------  -----------  -------------
    ...itExchangeExtension.dll  02/19/2002  10:51:26      122,880  1.0.0.1      
    --------------------------  ----------  --------  -----------  -------------
    Count=1                                               122,880               


================================================================================
                            COMPONENT: "SelfRegDlls"
================================================================================

SUMMARY:
    Total Files:                3 (files for this component only)
    Source Bytes:       1,138,111 (files for this component only)


                          **** File Group: "Log" ****


<Directory>: C:\Documents and Settings\Sean Sullivan\My Documents\WinBlit\ATLLogApp\export\run

    Filename                    Date        Time      Size         Version      
    --------------------------  ----------  --------  -----------  -------------
    ATLLogApp.dll               02/19/2002  19:04:24      233,472  1.0.0.1      
    --------------------------  ----------  --------  -----------  -------------
    Count=1                                               233,472               


                     **** File Group: "ReaderManager" ****


<Directory>: C:\Documents and Settings\Sean Sullivan\My Documents\WinBlit\WinBlitReaderManager\Export\Run

    Filename                    Date        Time      Size         Version      
    --------------------------  ----------  --------  -----------  -------------
    WinBlitReaderManager.dll    02/20/2002  20:03:03      417,792  1.0.0.1      
    --------------------------  ----------  --------  -----------  -------------
    Count=1                                               417,792               


                        **** File Group: "WebBand" ****


<Directory>: C:\Documents and Settings\Sean Sullivan\My Documents\WinBlit\WinBlitWebBand\export\run

    Filename                    Date        Time      Size         Version      
    --------------------------  ----------  --------  -----------  -------------
    WinBlitWebBand.dll          02/19/2002  10:50:14      135,168  1.0.0.1      
    --------------------------  ----------  --------  -----------  -------------
    Count=1                                               135,168               
