////////////////////////////////////////////////////////////////////////////////
///////////////////InstallShield Media Library Report Summary///////////////////
////////////////////////////////////////////////////////////////////////////////

Media Name      : New Media
Report Filename : C:\Documents and Settings\Sean Sullivan\My Documents\WINBLIT\Installation\WinBlit\Media\New Media\Report Files\4-17-2002 7.54.38PM.rpt
Date            : 04/17/2002
Time            : 7:54PM

Number of Components:                3 
Number of File Groups:               7 
Number of Files:                     9 
Total Size of Files:         1,013,684 (bytes)

==========
COMPONENTS
==========


     TargetDir
     ExchangeExtension
     SelfRegDlls


////////////////////////////////////////////////////////////////////////////////
/////////////////////////////////Report Details/////////////////////////////////
////////////////////////////////////////////////////////////////////////////////


================================================================================
                             COMPONENT: "TargetDir"
================================================================================

SUMMARY:
    Total Files:                6 (files for this component only)
    Source Bytes:         346,036 (files for this component only)


                        **** File Group: "BlitPad" ****


<Directory>: C:\Documents and Settings\Sean Sullivan\My Documents\WinBlit\WinBlitPad\Export\Run

    Filename                    Date        Time      Size         Version      
    --------------------------  ----------  --------  -----------  -------------
    BlitPad.exe                 04/17/2002  09:41:04      143,360  2.2.0.0      
    --------------------------  ----------  --------  -----------  -------------
    Count=1                                               143,360               


                       **** File Group: "Help Files" ****


<Directory>: C:\Documents and Settings\Sean Sullivan\My Documents\WINBLIT\Help Files\HTMLHelp

    Filename                    Date        Time      Size         Version      
    --------------------------  ----------  --------  -----------  -------------
    WinBlit Speedread.chm       04/17/2002  09:15:31       34,505               
    --------------------------  ----------  --------  -----------  -------------
    Count=1                                                34,505               


<Directory>: C:\Documents and Settings\Sean Sullivan\My Documents\WINBLIT\Demo

    Filename                    Date        Time      Size         Version      
    --------------------------  ----------  --------  -----------  -------------
    WinBlit Demo.chm            04/17/2002  09:14:49       16,143               
    --------------------------  ----------  --------  -----------  -------------
    Count=1                                                16,143               


                          **** File Group: "Reg" ****


<Directory>: C:\Documents and Settings\Sean Sullivan\My Documents\WinBlit\Registry

    Filename                    Date        Time      Size         Version      
    --------------------------  ----------  --------  -----------  -------------
    WinBlit.reg                 04/17/2002  09:42:50        7,038               
    --------------------------  ----------  --------  -----------  -------------
    Count=1                                                 7,038               


<Directory>: C:\Documents and Settings\Sean Sullivan\My Documents\WINBLIT\PAD

    Filename                    Date        Time      Size         Version      
    --------------------------  ----------  --------  -----------  -------------
    pad_file.xml                04/17/2002  19:31:58        7,262               
    --------------------------  ----------  --------  -----------  -------------
    Count=1                                                 7,262               


                     **** File Group: "Word Template" ****


<Directory>: C:\Documents and Settings\Sean Sullivan\My Documents\WinBlit\Office

    Filename                    Date        Time      Size         Version      
    --------------------------  ----------  --------  -----------  -------------
    WinBlitTemplate.dot         03/12/2002  17:13:17      137,728               
    --------------------------  ----------  --------  -----------  -------------
    Count=1                                               137,728               


================================================================================
                         COMPONENT: "ExchangeExtension"
================================================================================

SUMMARY:
    Total Files:                1 (files for this component only)
    Source Bytes:         464,820 (files for this component only)


                   **** File Group: "ExchangeExtension" ****


<Directory>: C:\Documents and Settings\Sean Sullivan\My Documents\WinBlit\WinBlitExchangeExtension\export\run

    Filename                    Date        Time      Size         Version      
    --------------------------  ----------  --------  -----------  -------------
    ...itExchangeExtension.dll  04/17/2002  09:40:57      118,784  2.2.0.0      
    --------------------------  ----------  --------  -----------  -------------
    Count=1                                               118,784               


================================================================================
                            COMPONENT: "SelfRegDlls"
================================================================================

SUMMARY:
    Total Files:                2 (files for this component only)
    Source Bytes:       1,013,684 (files for this component only)


                     **** File Group: "ReaderManager" ****


<Directory>: C:\Documents and Settings\Sean Sullivan\My Documents\WinBlit\WinBlitReaderManager\Export\Run

    Filename                    Date        Time      Size         Version      
    --------------------------  ----------  --------  -----------  -------------
    WinBlitReaderManager.dll    04/17/2002  16:11:52      417,792  2.2.0.0      
    --------------------------  ----------  --------  -----------  -------------
    Count=1                                               417,792               


                        **** File Group: "WebBand" ****


<Directory>: C:\Documents and Settings\Sean Sullivan\My Documents\WinBlit\WinBlitWebBand\export\run

    Filename                    Date        Time      Size         Version      
    --------------------------  ----------  --------  -----------  -------------
    WinBlitWebBand.dll          04/17/2002  09:41:12      131,072  2.2.0.0      
    --------------------------  ----------  --------  -----------  -------------
    Count=1                                               131,072               
