////////////////////////////////////////////////////////////////////////////////
///////////////////InstallShield Media Library Report Summary///////////////////
////////////////////////////////////////////////////////////////////////////////

Media Name      : New Media
Report Filename : C:\Documents and Settings\Sean Sullivan\My Documents\WINBLIT\Installation\WinBlit\Media\New Media\Report Files\7-21-2002 7.34.19PM.rpt
Date            : 07/21/2002
Time            : 7:34PM

Number of Components:                3 
Number of File Groups:               8 
Number of Files:                     8 
Total Size of Files:         1,133,766 (bytes)

==========
COMPONENTS
==========


     TargetDir
     ExchangeExtension
     SelfRegDlls


////////////////////////////////////////////////////////////////////////////////
/////////////////////////////////Report Details/////////////////////////////////
////////////////////////////////////////////////////////////////////////////////


================================================================================
                             COMPONENT: "TargetDir"
================================================================================

SUMMARY:
    Total Files:                4 (files for this component only)
    Source Bytes:         228,550 (files for this component only)


                       **** File Group: "Help Files" ****


<Directory>: C:\Documents and Settings\Sean Sullivan\My Documents\WinBlit\Help Files\HTMLhelp

    Filename                    Date        Time      Size         Version      
    --------------------------  ----------  --------  -----------  -------------
    WinBlit.chm                 07/21/2002  19:15:07       34,455               
    --------------------------  ----------  --------  -----------  -------------
    Count=1                                                34,455               


                        **** File Group: "BlitPad" ****


<Directory>: C:\Documents and Settings\Sean Sullivan\My Documents\WinBlit\WinBlitPad\Export\Run

    Filename                    Date        Time      Size         Version      
    --------------------------  ----------  --------  -----------  -------------
    BlitPad.exe                 07/21/2002  19:09:09      147,456  1.0.0.1      
    --------------------------  ----------  --------  -----------  -------------
    Count=1                                               147,456               


                          **** File Group: "Reg" ****


<Directory>: C:\Documents and Settings\Sean Sullivan\My Documents\WinBlit\Registry

    Filename                    Date        Time      Size         Version      
    --------------------------  ----------  --------  -----------  -------------
    WinBlit.reg                 07/21/2002  19:33:35       13,359               
    --------------------------  ----------  --------  -----------  -------------
    Count=1                                                13,359               


                     **** File Group: "Word Template" ****


<Directory>: C:\Documents and Settings\Sean Sullivan\My Documents\WinBlit\Office

    Filename                    Date        Time      Size         Version      
    --------------------------  ----------  --------  -----------  -------------
    WinBlitTemplate.dot         02/07/2002  11:48:37       33,280               
    --------------------------  ----------  --------  -----------  -------------
    Count=1                                                33,280               


================================================================================
                         COMPONENT: "ExchangeExtension"
================================================================================

SUMMARY:
    Total Files:                1 (files for this component only)
    Source Bytes:         351,430 (files for this component only)


                   **** File Group: "ExchangeExtension" ****


<Directory>: C:\Documents and Settings\Sean Sullivan\My Documents\WinBlit\WinBlitExchangeExtension\export\run

    Filename                    Date        Time      Size         Version      
    --------------------------  ----------  --------  -----------  -------------
    ...itExchangeExtension.dll  07/21/2002  19:08:25      122,880  1.0.0.1      
    --------------------------  ----------  --------  -----------  -------------
    Count=1                                               122,880               


================================================================================
                            COMPONENT: "SelfRegDlls"
================================================================================

SUMMARY:
    Total Files:                3 (files for this component only)
    Source Bytes:       1,133,766 (files for this component only)


                          **** File Group: "Log" ****


<Directory>: C:\Documents and Settings\Sean Sullivan\My Documents\WinBlit\ATLLogApp\export\run

    Filename                    Date        Time      Size         Version      
    --------------------------  ----------  --------  -----------  -------------
    ATLLogApp.dll               02/19/2002  20:04:24      233,472  1.0.0.1      
    --------------------------  ----------  --------  -----------  -------------
    Count=1                                               233,472               


                     **** File Group: "ReaderManager" ****


<Directory>: C:\Documents and Settings\Sean Sullivan\My Documents\WinBlit\WinBlitReaderManager\Export\Run

    Filename                    Date        Time      Size         Version      
    --------------------------  ----------  --------  -----------  -------------
    WinBlitReaderManager.dll    07/21/2002  19:11:36      413,696  2.0.0.0      
    --------------------------  ----------  --------  -----------  -------------
    Count=1                                               413,696               


                        **** File Group: "WebBand" ****


<Directory>: C:\Documents and Settings\Sean Sullivan\My Documents\WinBlit\WinBlitWebBand\export\run

    Filename                    Date        Time      Size         Version      
    --------------------------  ----------  --------  -----------  -------------
    WinBlitWebBand.dll          07/21/2002  19:12:39      135,168  1.0.0.1      
    --------------------------  ----------  --------  -----------  -------------
    Count=1                                               135,168               
